<?xml version="1.0" encoding="UTF-8"?>
<!-- Generated by org.testng.reporters.JUnitReportReporter -->
<testsuite hostname="Madhav" failures="0" tests="1" name="Basic.OrgaizationTest" time="2.195" errors="0" timestamp="2024-03-16T12:22:44 IST" skipped="0">
  <testcase classname="Basic.OrgaizationTest" name="CreateOrganizationsTest" time="2.195"/>
  <system-out/>
</testsuite> <!-- Basic.OrgaizationTest -->
